2025-04-04 08:18:32.475841 - Received CBT.V508.FILE349.PDS from FILE349.XMI 
2025-04-04 08:18:32.477188 - Found $$$#DATE.txt (text/plain) in CBT.V508.FILE349.PDS, moved to PDS/$$$#DATE
2025-04-04 08:18:32.477336 - Found $$$DOC.txt (text/plain) in CBT.V508.FILE349.PDS, moved to PDS/$$$DOC
2025-04-04 08:18:32.477470 - Found $$$INST.txt (text/plain) in CBT.V508.FILE349.PDS, moved to PDS/$$$INST
2025-04-04 08:18:32.477599 - Found @FILE349.txt (text/plain) in CBT.V508.FILE349.PDS, moved to PDS/@FILE349
2025-04-04 08:18:32.477743 - Found ISPCMDE.rexx (text/plain) in CBT.V508.FILE349.PDS, moved to PDS/ISPCMDE
2025-04-04 08:18:32.477872 - Found ISPCMDE@.txt (text/plain) in CBT.V508.FILE349.PDS, moved to PDS/ISPCMDE@
2025-04-04 08:18:32.478000 - Found ISPCMDED.txt (text/plain) in CBT.V508.FILE349.PDS, moved to PDS/ISPCMDED
2025-04-04 08:18:32.478123 - Found ISPCMDEL.txt (text/plain) in CBT.V508.FILE349.PDS, moved to PDS/ISPCMDEL
2025-04-04 08:18:32.478247 - Found ISPCMDL.rexx (text/plain) in CBT.V508.FILE349.PDS, moved to PDS/ISPCMDL
2025-04-04 08:18:32.478377 - Found ISPCMDL@.txt (text/plain) in CBT.V508.FILE349.PDS, moved to PDS/ISPCMDL@
2025-04-04 08:18:32.478492 - Found ISPCMDU.rexx (text/plain) in CBT.V508.FILE349.PDS, moved to PDS/ISPCMDU
2025-04-04 08:18:32.478614 - Found ISPCMDU@.txt (text/plain) in CBT.V508.FILE349.PDS, moved to PDS/ISPCMDU@
2025-04-04 08:18:32.478769 - Found ISPCTE.rexx (text/plain) in CBT.V508.FILE349.PDS, moved to PDS/ISPCTE
2025-04-04 08:18:32.478899 - Found ISPCTE@.txt (text/plain) in CBT.V508.FILE349.PDS, moved to PDS/ISPCTE@
2025-04-04 08:18:32.479035 - Found ISPCTED.txt (text/plain) in CBT.V508.FILE349.PDS, moved to PDS/ISPCTED
2025-04-04 08:18:32.479163 - Found ISPCTEL.txt (text/plain) in CBT.V508.FILE349.PDS, moved to PDS/ISPCTEL
2025-04-04 08:18:32.479493 - Found ISPCTEP.txt (text/plain) in CBT.V508.FILE349.PDS, moved to PDS/ISPCTEP
2025-04-04 08:18:32.479679 - Found ISPCTL.rexx (text/plain) in CBT.V508.FILE349.PDS, moved to PDS/ISPCTL
2025-04-04 08:18:32.479821 - Found ISPCTL#1.txt (text/plain) in CBT.V508.FILE349.PDS, moved to PDS/ISPCTL#1
2025-04-04 08:18:32.479956 - Found ISPCTL#2.txt (text/plain) in CBT.V508.FILE349.PDS, moved to PDS/ISPCTL#2
2025-04-04 08:18:32.480084 - Found ISPCTL#3.txt (text/plain) in CBT.V508.FILE349.PDS, moved to PDS/ISPCTL#3
2025-04-04 08:18:32.480208 - Found ISPCTL@.txt (text/plain) in CBT.V508.FILE349.PDS, moved to PDS/ISPCTL@
2025-04-04 08:18:32.480333 - Found XISPTBD1.rexx (text/plain) in CBT.V508.FILE349.PDS, moved to PDS/XISPTBD1
2025-04-04 08:18:32.480462 - Found XISPTBD2.rexx (text/plain) in CBT.V508.FILE349.PDS, moved to PDS/XISPTBD2
2025-04-04 08:18:32.480593 - Found XISPTBL.rexx (text/plain) in CBT.V508.FILE349.PDS, moved to PDS/XISPTBL
2025-04-04 08:18:32.480710 - Found XISPTBL@.txt (text/plain) in CBT.V508.FILE349.PDS, moved to PDS/XISPTBL@
2025-04-04 08:18:32.480836 - Found XISPTBLD.txt (text/plain) in CBT.V508.FILE349.PDS, moved to PDS/XISPTBLD
2025-04-04 08:18:32.480966 - Found XISPTBLL.txt (text/plain) in CBT.V508.FILE349.PDS, moved to PDS/XISPTBLL
